#
# There is insufficient memory for the Java Runtime Environment to continue.
# Native memory allocation (mmap) failed to map 134217728 bytes for G1 virtual space
# Possible reasons:
#   The system is out of physical RAM or swap space
#   The process is running with CompressedOops enabled, and the Java Heap may be blocking the growth of the native heap
# Possible solutions:
#   Reduce memory load on the system
#   Increase physical memory or swap space
#   Check if swap backing store is full
#   Decrease Java heap size (-Xmx/-Xms)
#   Decrease number of Java threads
#   Decrease Java thread stack sizes (-Xss)
#   Set larger code cache with -XX:ReservedCodeCacheSize=
#   JVM is running with Unscaled Compressed Oops mode in which the Java heap is
#     placed in the first 4GB address space. The Java Heap base address is the
#     maximum limit for the native heap growth. Please use -XX:HeapBaseMinAddress
#     to set the Java Heap base and to place the Java Heap above 4GB virtual address.
# This output file may be truncated or incomplete.
#
#  Out of Memory Error (os_windows.cpp:3550), pid=13092, tid=14880
#
# JRE version:  (17.0.7+8) (build )
# Java VM: Java HotSpot(TM) 64-Bit Server VM (17.0.7+8-LTS-224, mixed mode, sharing, tiered, compressed oops, compressed class ptrs, g1 gc, windows-amd64)
# No core dump will be written. Minidumps are not enabled by default on client versions of Windows
#

---------------  S U M M A R Y ------------

Command Line: -ea -Didea.test.cyclic.buffer.size=1048576 -javaagent:C:\Program Files\JetBrains\IntelliJ IDEA 2023.1.1\lib\idea_rt.jar=50145:C:\Program Files\JetBrains\IntelliJ IDEA 2023.1.1\bin -Dfile.encoding=UTF-8 com.intellij.rt.junit.JUnitStarter -ideVersion5 -junit5 org.example.controllers.DailySalesReportTest

Host: Intel(R) Core(TM) i5-8350U CPU @ 1.70GHz, 8 cores, 7G,  Windows 10 , 64 bit Build 19041 (10.0.19041.2913)
Time: Wed Jun  7 11:41:59 2023 Eastern Daylight Time elapsed time: 0.023773 seconds (0d 0h 0m 0s)

---------------  T H R E A D  ---------------

Current thread (0x000002379a085630):  JavaThread "Unknown thread" [_thread_in_vm, id=14880, stack(0x0000005432500000,0x0000005432600000)]

Stack: [0x0000005432500000,0x0000005432600000]
Native frames: (J=compiled Java code, j=interpreted, Vv=VM code, C=native code)
V  [jvm.dll+0x676a4a]
V  [jvm.dll+0x7d74f4]
V  [jvm.dll+0x7d8c9e]
V  [jvm.dll+0x7d9303]
V  [jvm.dll+0x2452c5]
V  [jvm.dll+0x6738f9]
V  [jvm.dll+0x668232]
V  [jvm.dll+0x302826]
V  [jvm.dll+0x309da6]
V  [jvm.dll+0x35952e]
V  [jvm.dll+0x35975f]
V  [jvm.dll+0x2d9a38]
V  [jvm.dll+0x2da9a4]
V  [jvm.dll+0x7a8fb1]
V  [jvm.dll+0x3670e1]
V  [jvm.dll+0x788359]
V  [jvm.dll+0x3ea5ef]
V  [jvm.dll+0x3ec071]
C  [jli.dll+0x5297]
C  [ucrtbase.dll+0x21bb2]
C  [KERNEL32.DLL+0x17614]
C  [ntdll.dll+0x526a1]


---------------  P R O C E S S  ---------------

Threads class SMR info:
_java_thread_list=0x00007ffeb6254998, length=0, elements={
}

Java Threads: ( => current thread )

Other Threads:
  0x000002379a0dabe0 GCTaskThread "GC Thread#0" [stack: 0x0000005432600000,0x0000005432700000] [id=7864]
  0x000002379a0eb760 ConcurrentGCThread "G1 Main Marker" [stack: 0x0000005432700000,0x0000005432800000] [id=15288]
  0x000002379a0ed920 ConcurrentGCThread "G1 Conc#0" [stack: 0x0000005432800000,0x0000005432900000] [id=7132]

[error occurred during error reporting (printing all threads), id 0xc0000005, EXCEPTION_ACCESS_VIOLATION (0xc0000005) at pc=0x00007ffeb5a8a697]

VM state: not at safepoint (not fully initialized)

VM Mutex/Monitor currently owned by a thread:  ([mutex/lock_event])
[0x000002379a07f890] Heap_lock - owner thread: 0x000002379a085630

Heap address: 0x0000000081e00000, size: 2018 MB, Compressed Oops mode: 32-bit

CDS archive(s) mapped at: [0x0000000000000000-0x0000000000000000-0x0000000000000000), size 0, SharedBaseAddress: 0x0000000800000000, ArchiveRelocationMode: 0.
Narrow klass base: 0x0000000000000000, Narrow klass shift: 0, Narrow klass range: 0x0

GC Precious Log:
<Empty>

Heap:
 garbage-first heap   total 0K, used 0K [0x0000000081e00000, 0x0000000100000000)
  region size 1024K, 0 young (0K), 0 survivors (0K)

[error occurred during error reporting (printing heap information), id 0xc0000005, EXCEPTION_ACCESS_VIOLATION (0xc0000005) at pc=0x00007ffeb5e700b9]

GC Heap History (0 events):
No events

Deoptimization events (0 events):
No events

Classes unloaded (0 events):
No events

Classes redefined (0 events):
No events

Internal exceptions (0 events):
No events

VM Operations (0 events):
No events

Events (1 events):
Event: 0.017 Loaded shared library C:\Program Files\jdk-17_windows-x64_bin\jdk-17.0.7\bin\java.dll


Dynamic libraries:
0x00007ff70ae90000 - 0x00007ff70aea0000 	C:\Program Files\jdk-17_windows-x64_bin\jdk-17.0.7\bin\java.exe
0x00007fff1af30000 - 0x00007fff1b128000 	C:\WINDOWS\SYSTEM32\ntdll.dll
0x00007fff1a240000 - 0x00007fff1a2ff000 	C:\WINDOWS\System32\KERNEL32.DLL
0x00007fff18830000 - 0x00007fff18b26000 	C:\WINDOWS\System32\KERNELBASE.dll
0x00007fff18b30000 - 0x00007fff18c30000 	C:\WINDOWS\System32\ucrtbase.dll
0x00007ffefd1c0000 - 0x00007ffefd1db000 	C:\Program Files\jdk-17_windows-x64_bin\jdk-17.0.7\bin\VCRUNTIME140.dll
0x00007ffefd1a0000 - 0x00007ffefd1b9000 	C:\Program Files\jdk-17_windows-x64_bin\jdk-17.0.7\bin\jli.dll
0x00007fff19980000 - 0x00007fff19a2f000 	C:\WINDOWS\System32\ADVAPI32.dll
0x00007fff19130000 - 0x00007fff191ce000 	C:\WINDOWS\System32\msvcrt.dll
0x00007fff1ad20000 - 0x00007fff1adbc000 	C:\WINDOWS\System32\sechost.dll
0x00007fff1a9c0000 - 0x00007fff1aae6000 	C:\WINDOWS\System32\RPCRT4.dll
0x00007fff18f90000 - 0x00007fff1912d000 	C:\WINDOWS\System32\USER32.dll
0x00007fff18ef0000 - 0x00007fff18f12000 	C:\WINDOWS\System32\win32u.dll
0x00007fff1ac90000 - 0x00007fff1acbc000 	C:\WINDOWS\System32\GDI32.dll
0x00007fff179a0000 - 0x00007fff17c3a000 	C:\WINDOWS\WinSxS\amd64_microsoft.windows.common-controls_6595b64144ccf1df_6.0.19041.1110_none_60b5254171f9507e\COMCTL32.dll
0x00007fff186c0000 - 0x00007fff187d5000 	C:\WINDOWS\System32\gdi32full.dll
0x00007fff18e50000 - 0x00007fff18eed000 	C:\WINDOWS\System32\msvcp_win.dll
0x00007fff0db60000 - 0x00007fff0db6a000 	C:\WINDOWS\SYSTEM32\VERSION.dll
0x00007fff1a990000 - 0x00007fff1a9c0000 	C:\WINDOWS\System32\IMM32.DLL
0x00007ffefd190000 - 0x00007ffefd19c000 	C:\Program Files\jdk-17_windows-x64_bin\jdk-17.0.7\bin\vcruntime140_1.dll
0x00007ffeb6380000 - 0x00007ffeb640e000 	C:\Program Files\jdk-17_windows-x64_bin\jdk-17.0.7\bin\msvcp140.dll
0x00007ffeb57a0000 - 0x00007ffeb637d000 	C:\Program Files\jdk-17_windows-x64_bin\jdk-17.0.7\bin\server\jvm.dll
0x00007fff19a30000 - 0x00007fff19a38000 	C:\WINDOWS\System32\PSAPI.DLL
0x00007fff00610000 - 0x00007fff00619000 	C:\WINDOWS\SYSTEM32\WSOCK32.dll
0x00007fff1a710000 - 0x00007fff1a77b000 	C:\WINDOWS\System32\WS2_32.dll
0x00007ffefdd00000 - 0x00007ffefdd27000 	C:\WINDOWS\SYSTEM32\WINMM.dll
0x00007fff167b0000 - 0x00007fff167c2000 	C:\WINDOWS\SYSTEM32\kernel.appcore.dll
0x00007ffeed960000 - 0x00007ffeed96a000 	C:\Program Files\jdk-17_windows-x64_bin\jdk-17.0.7\bin\jimage.dll
0x00007fff17fb0000 - 0x00007fff18194000 	C:\WINDOWS\SYSTEM32\DBGHELP.DLL
0x00007fff17ef0000 - 0x00007fff17f24000 	C:\WINDOWS\SYSTEM32\dbgcore.DLL
0x00007fff18c30000 - 0x00007fff18cb2000 	C:\WINDOWS\System32\bcryptPrimitives.dll
0x00007fff10650000 - 0x00007fff1065e000 	C:\Program Files\jdk-17_windows-x64_bin\jdk-17.0.7\bin\instrument.dll
0x00007ffeed930000 - 0x00007ffeed955000 	C:\Program Files\jdk-17_windows-x64_bin\jdk-17.0.7\bin\java.dll

dbghelp: loaded successfully - version: 4.0.5 - missing functions: none
symbol engine: initialized successfully - sym options: 0x614 - pdb path: .;C:\Program Files\jdk-17_windows-x64_bin\jdk-17.0.7\bin;C:\WINDOWS\SYSTEM32;C:\WINDOWS\WinSxS\amd64_microsoft.windows.common-controls_6595b64144ccf1df_6.0.19041.1110_none_60b5254171f9507e;C:\Program Files\jdk-17_windows-x64_bin\jdk-17.0.7\bin\server

VM Arguments:
jvm_args: -ea -Didea.test.cyclic.buffer.size=1048576 -javaagent:C:\Program Files\JetBrains\IntelliJ IDEA 2023.1.1\lib\idea_rt.jar=50145:C:\Program Files\JetBrains\IntelliJ IDEA 2023.1.1\bin -Dfile.encoding=UTF-8 
java_command: com.intellij.rt.junit.JUnitStarter -ideVersion5 -junit5 org.example.controllers.DailySalesReportTest
java_class_path (initial): C:\Users\admin\.m2\repository\org\junit\platform\junit-platform-launcher\1.10.0-M1\junit-platform-launcher-1.10.0-M1.jar;C:\Users\admin\.m2\repository\org\junit\vintage\junit-vintage-engine\5.10.0-M1\junit-vintage-engine-5.10.0-M1.jar;C:\Program Files\JetBrains\IntelliJ IDEA 2023.1.1\lib\idea_rt.jar;C:\Program Files\JetBrains\IntelliJ IDEA 2023.1.1\plugins\junit\lib\junit5-rt.jar;C:\Program Files\JetBrains\IntelliJ IDEA 2023.1.1\plugins\junit\lib\junit-rt.jar;C:\Users\admin\CTAC\FullStack3\fantasticfour-restaurant3\target\test-classes;C:\Users\admin\CTAC\FullStack3\fantasticfour-restaurant3\target\classes;C:\Users\admin\.m2\repository\junit\junit\4.13.2\junit-4.13.2.jar;C:\Users\admin\.m2\repository\org\hamcrest\hamcrest-core\1.3\hamcrest-core-1.3.jar;C:\Users\admin\.m2\repository\org\junit\jupiter\junit-jupiter\5.10.0-M1\junit-jupiter-5.10.0-M1.jar;C:\Users\admin\.m2\repository\org\junit\jupiter\junit-jupiter-api\5.10.0-M1\junit-jupiter-api-5.10.0-M1.jar;C:\Users\admin\.m2\repository\org\opentest4j\opentest4j\1.2.0\opentest4j-1.2.0.jar;C:\Users\admin\.m2\repository\org\junit\platform\junit-platform-commons\1.10.0-M1\junit-platform-commons-1.10.0-M1.jar;C:\Users\admin\.m2\repository\org\apiguardian\apiguardian-api\1.1.2\apiguardian-api-1.1.2.jar;C:\Users\admin\.m2\repository\org\junit\jupiter\junit-jupiter-params\5.10.0-M1\junit-jupiter-params-5.10.0-M1.jar;C:\Users\admin\.m2\repository\org\junit\jupiter\junit-jupiter-engine\5.10.0-M1\junit-jupiter-engine-5.10.0-M1.jar;C:\Users\admin\.m2\repository\org\junit\platform\junit-platform-engine\1.10.0-M1\junit-platform-engine-1.10.0-M1.jar
Launcher Type: SUN_STANDARD

[Global flags]
     intx CICompilerCount                          = 4                                         {product} {ergonomic}
     uint ConcGCThreads                            = 2                                         {product} {ergonomic}
     uint G1ConcRefinementThreads                  = 8                                         {product} {ergonomic}
   size_t G1HeapRegionSize                         = 1048576                                   {product} {ergonomic}
    uintx GCDrainStackTargetSize                   = 64                                        {product} {ergonomic}
   size_t InitialHeapSize                          = 134217728                                 {product} {ergonomic}
   size_t MarkStackSize                            = 4194304                                   {product} {ergonomic}
   size_t MaxHeapSize                              = 2116026368                                {product} {ergonomic}
   size_t MinHeapDeltaBytes                        = 1048576                                   {product} {ergonomic}
   size_t MinHeapSize                              = 8388608                                   {product} {ergonomic}
    uintx NonNMethodCodeHeapSize                   = 5839372                                {pd product} {ergonomic}
    uintx NonProfiledCodeHeapSize                  = 122909434                              {pd product} {ergonomic}
    uintx ProfiledCodeHeapSize                     = 122909434                              {pd product} {ergonomic}
    uintx ReservedCodeCacheSize                    = 251658240                              {pd product} {ergonomic}
     bool SegmentedCodeCache                       = true                                      {product} {ergonomic}
   size_t SoftMaxHeapSize                          = 2116026368                             {manageable} {ergonomic}
     bool UseCompressedClassPointers               = true                           {product lp64_product} {ergonomic}
     bool UseCompressedOops                        = true                           {product lp64_product} {ergonomic}
     bool UseG1GC                                  = true                                      {product} {ergonomic}
     bool UseLargePagesIndividualAllocation        = false                                  {pd product} {ergonomic}

Logging:
Log output configuration:
 #0: stdout all=warning uptime,level,tags
 #1: stderr all=off uptime,level,tags

Environment Variables:
PATH=C:\Program Files\Common Files\Oracle\Java\javapath;C:\Program Files (x86)\Common Files\Oracle\Java\javapath;C:\WINDOWS\system32;C:\WINDOWS;C:\WINDOWS\System32\Wbem;C:\WINDOWS\System32\WindowsPowerShell\v1.0\;C:\WINDOWS\System32\OpenSSH\;C:\Program Files\dotnet\;C:\Program Files\Git\cmd;C:\Program Files (x86)\nodejs\;C:\Users\admin\Downloads\apache-maven-3.9.1-bin\apache-maven-3.9.1\bin;C:\Users\admin\AppData\Local\Microsoft\WindowsApps;C:\Users\admin\AppData\Local\Programs\Microsoft VS Code\bin;C:\Users\admin\AppData\Roaming\npm;;C:\Program Files\JetBrains\IntelliJ IDEA 2023.1.1\bin;
USERNAME=admin
OS=Windows_NT
PROCESSOR_IDENTIFIER=Intel64 Family 6 Model 142 Stepping 10, GenuineIntel



---------------  S Y S T E M  ---------------

OS:
 Windows 10 , 64 bit Build 19041 (10.0.19041.2913)
OS uptime: 0 days 1:05 hours
Hyper-V role detected

CPU: total 8 (initial active 8) (4 cores per cpu, 2 threads per core) family 6 model 142 stepping 10 microcode 0xf0, cx8, cmov, fxsr, ht, mmx, 3dnowpref, sse, sse2, sse3, ssse3, sse4.1, sse4.2, popcnt, lzcnt, tsc, tscinvbit, avx, avx2, aes, erms, clmul, bmi1, bmi2, rtm, adx, fma, vzeroupper, clflush, clflushopt, hv

Memory: 4k page, system-wide physical 8067M (1214M free)
TotalPageFile size 9067M (AvailPageFile size 119M)
current process WorkingSet (physical memory assigned to process): 10M, peak: 10M
current process commit charge ("private bytes"): 60M, peak: 188M

vm_info: Java HotSpot(TM) 64-Bit Server VM (17.0.7+8-LTS-224) for windows-amd64 JRE (17.0.7+8-LTS-224), built on Feb 28 2023 23:03:02 by "mach5one" with MS VC++ 17.1 (VS2022)

END.
